<?xml version="1.0" encoding="UTF-8"?>
<testsuites name="jest tests" tests="2" failures="0" errors="0" time="0.946">
  <testsuite name="Testa rota de cálculo de IPI" errors="0" failures="0" skipped="0" timestamp="2025-05-21T22:00:18" time="0.879" tests="2">
    <testcase classname="Testa rota de cálculo de IPI deve calcular corretamente o IPI" name="Testa rota de cálculo de IPI deve calcular corretamente o IPI" time="0.043">
    </testcase>
    <testcase classname="Testa rota de cálculo de IPI deve retornar erro se faltar campos" name="Testa rota de cálculo de IPI deve retornar erro se faltar campos" time="0.005">
    </testcase>
  </testsuite>
</testsuites>